-------------------------------------------------------------------------------
      name:  <unnamed>
       log:  /Users/davidvandijcke/University of Michigan Dropbox/David Van Dij
> cke/Flo_GSRA/sj_replication_submission_july2026/examples/cdf_simulations.log
  log type:  text
 opened on:  11 Jul 2026, 16:13:20

. 
. ************************************************************
. * 1. Set up the dataset
. ************************************************************
. set seed 12349   // For reproducibility; you can set any seed you like

. 
. * We want 4 donor distributions plus a target, each with 100 draws
. set obs 500
Number of observations (_N) was 0, now 500.

. 
. ************************************************************
. * 2. Create an identifier "id" and a uniform random variable "u"
. ************************************************************
. gen id = .
(500 missing values generated)

. gen u = runiform()

. 
. forvalues i = 1/5 {
  2.     // Lower bound
.     local first = ((`i' - 1) * 100) + 1
  3.     // Upper bound
.     local last  = `i' * 100
  4. 
.     // Now replace id = i from observation `first' to `last'
.     replace id = `i' in `first'/`last'
  5. }
(100 real changes made)
(100 real changes made)
(100 real changes made)
(100 real changes made)
(100 real changes made)

. 
. ************************************************************
. * 3. Generate the outcome variable "y"
. *    according to different probability distributions
. ************************************************************
. gen y = .
(500 missing values generated)

. 
. * ---- Distribution #1: More mass on 1 ----
. * Suppose p(1)=0.4, p(2)=0.2, p(3)=0.2, p(4)=0.2
. replace y = 1 if id==1 & u<0.4
(40 real changes made)

. replace y = 2 if id==1 & u>=0.4 & u<0.6
(26 real changes made)

. replace y = 3 if id==1 & u>=0.6 & u<0.8
(14 real changes made)

. replace y = 4 if id==1 & u>=0.8
(20 real changes made)

. 
. * ---- Distribution #2: More mass on 2 ----
. * Suppose p(1)=0.2, p(2)=0.4, p(3)=0.2, p(4)=0.2
. replace y = 1 if id==2 & u<0.2
(13 real changes made)

. replace y = 2 if id==2 & u>=0.2 & u<0.6
(41 real changes made)

. replace y = 3 if id==2 & u>=0.6 & u<0.8
(24 real changes made)

. replace y = 4 if id==2 & u>=0.8
(22 real changes made)

. 
. * ---- Distribution #3: More mass on 3 ----
. * Suppose p(1)=0.2, p(2)=0.2, p(3)=0.4, p(4)=0.2
. replace y = 1 if id==3 & u<0.2
(13 real changes made)

. replace y = 2 if id==3 & u>=0.2 & u<0.4
(25 real changes made)

. replace y = 3 if id==3 & u>=0.4 & u<0.8
(46 real changes made)

. replace y = 4 if id==3 & u>=0.8
(16 real changes made)

. 
. * ---- Distribution #4: More mass on 4 ----
. * Suppose p(1)=0.2, p(2)=0.2, p(3)=0.2, p(4)=0.4
. replace y = 1 if id==4 & u<0.2
(17 real changes made)

. replace y = 2 if id==4 & u>=0.2 & u<0.4
(26 real changes made)

. replace y = 3 if id==4 & u>=0.4 & u<0.6
(23 real changes made)

. replace y = 4 if id==4 & u>=0.6
(34 real changes made)

. 
. * ---- Target distribution: discrete uniform ----
. replace y = 1 if id==5 & u<0.25
(25 real changes made)

. replace y = 2 if id==5 & u>=0.25 & u<0.5
(24 real changes made)

. replace y = 3 if id==5 & u>=0.5 & u<0.75
(22 real changes made)

. replace y = 4 if id==5 & u>=0.75
(29 real changes made)

. 
. ************************************************************
. * 4. Clean up and show a sample of the data
. ************************************************************
. drop u

. sort id

. list in 1/20

     +--------+
     | id   y |
     |--------|
  1. |  1   2 |
  2. |  1   4 |
  3. |  1   4 |
  4. |  1   3 |
  5. |  1   2 |
     |--------|
  6. |  1   2 |
  7. |  1   2 |
  8. |  1   1 |
  9. |  1   3 |
 10. |  1   1 |
     |--------|
 11. |  1   1 |
 12. |  1   1 |
 13. |  1   4 |
 14. |  1   2 |
 15. |  1   2 |
     |--------|
 16. |  1   2 |
 17. |  1   4 |
 18. |  1   1 |
 19. |  1   4 |
 20. |  1   3 |
     +--------+

. 
. gen t = 1

. 
. ***************************************************************
. * (A) Barycenter approach (default)
. ***************************************************************
. disco y id t, idtarget(5) t0(2)  // Donors are id=1..4, target is id=5

. 
. * Store the relevant quantile/cdf matrices from e()
. matrix Bary_Qtarget  = e(quantile_t)     // True (target) QF

. matrix Bary_Qsynth   = e(quantile_synth) // Barycenter synthetic QF

. matrix Bary_Ctarget  = e(cdf_t)          // True (target) CDF

. matrix Bary_Csynth   = e(cdf_synth)      // Barycenter synthetic CDF

. 
. ***************************************************************
. * (B) Mixture approach
. ***************************************************************
. disco y id t, idtarget(5) t0(2) mixture
note: mixture with m() > 200 can be very slow; consider a smaller m(), e.g. m(1
> 00).

. 
. matrix Mix_Qtarget  = e(quantile_t)      // True (target) QF

. matrix Mix_Qsynth   = e(quantile_synth)  // Mixture synthetic QF

. matrix Mix_Ctarget  = e(cdf_t)           // True (target) CDF

. matrix Mix_Csynth   = e(cdf_synth)       // Mixture synthetic CDF

. 
. * keep the simulated data for the donor-quantile plot below
. tempfile simdata

. save `simdata'
file /var/folders/zs/20zk30ss1dq_90y7_2t9wgvc0000gn/T//St31840.000001 saved
    as .dta format

. 
. ***************************************************************
. * Plot quantile: True vs. Barycenter vs. Mixture
. ***************************************************************
. preserve

. clear

. 
. * 1) 100 grid points for quantile
. set obs 100
Number of observations (_N) was 0, now 100.

. gen tau = (_n - 1)/(100 - 1)

. 
. * 2) Populate with the stored matrices
. svmat Bary_Qtarget, name(QT_true)

. svmat Bary_Qsynth,  name(QT_bary)

. svmat Mix_Qsynth,   name(QT_mix)

. 
. rename QT_true1  q_true

. rename QT_bary1  q_bary

. rename QT_mix1   q_mix

. 
. * 3) Overlay lines + custom legend, axis labels, etc.
. twoway ///
>     (line q_true tau,  lcolor(black) lpattern(solid)    lwidth(medthick)) ///
>     (line q_bary tau,  lcolor(black) lpattern(dash)     lwidth(medium)) ///
>     (line q_mix  tau,  lcolor(gs7)   lpattern(dash_dot) lwidth(medium)), ///
>     /// Legend formatting
>     legend(order(1 "True (Target)" 2 "Qtile-Based" 3 "CDF-Based") ///
>            ring(0) position(5) cols(1) size(large)) ///
>     /// Axis tick labels
>     xlabel(0(.2)1, grid labsize(vlarge)) ///
>     ylabel(1(1)4, angle(horiz) grid labsize(vlarge)) ///
>     /// Axis titles
>     xtitle("Quantile", size(vlarge)) ///
>     ytitle("Y", size(vlarge)) ///
>     scheme(sj) name(qf_compare, replace)

. 
. graph export "mixture_quantile.pdf", replace
file mixture_quantile.pdf saved as PDF format

. 
. restore

. 
. ***************************************************************
. * Plot CDF: True vs. Barycenter vs. Mixture
. ***************************************************************
. preserve

. clear

. 
. * 1) 100 grid points for CDF
. set obs 100
Number of observations (_N) was 0, now 100.

. gen grid_val = 1 + (_n - 1)*(4 - 1)/(100 - 1)

. 
. * 2) Populate with stored matrices
. svmat Bary_Ctarget, name(CT_true)

. svmat Bary_Csynth,  name(CT_bary)

. svmat Mix_Csynth,   name(CT_mix)

. 
. rename CT_true1   c_true

. rename CT_bary1   c_bary

. rename CT_mix1    c_mix

. 
. * 3) Overlay lines + custom legend, axis labels, etc.
. twoway ///
>     (line c_true  grid_val, lcolor(black) lpattern(solid) lwidth(medthick)) /
> //
>     (line c_bary  grid_val, lcolor(black) lpattern(dash)     lwidth(medium)) 
> ///
>     (line c_mix   grid_val, lcolor(gs7) lpattern(dash_dot) lwidth(medium)), /
> //
>     /// Legend formatting
>     legend(order(1 "True (Target)" 2 "Qtile-Based" 3 "CDF-based") ///
>            ring(0) position(5) cols(1) size(large)) ///
>     /// Axis tick labels
>     xlabel(1(1)4, grid labsize(vlarge)) ///
>     ylabel(0(.2)1, angle(horiz) grid labsize(vlarge)) ///
>     /// Axis titles
>     xtitle("y", size(vlarge)) ///
>     ytitle("Pr(Y ≤ y)", size(vlarge)) ///
>     scheme(sj) name(cdf_compare, replace)

. 
. graph export "mixture_cdf.pdf", replace
file mixture_cdf.pdf saved as PDF format

. 
. restore

. 
. *****************************************************************************
> **
. * Manually compute each donor's quantile function (id=1..4) plus target (id=5
> ),
. * then overlay them in one graph.
. *****************************************************************************
> **
. 
. *****************************************************************************
> ***
. * Build a 100 x 5 matrix "donorQ"
. *****************************************************************************
> ***
. matrix donorQ = J(100, 5, .)

. 
. forvalues d = 1/5 {
  2.     // Reload the simulated data each iteration
.     use `simdata', clear
  3.     keep if id == `d'
  4. 
.     // Stata immediate command: _pctile
.     // which puts the quantiles in r(r1) ... r(r100)
.     _pctile y, nquantiles(101)
  5. 
.     forvalues j = 1/100 {
  6.         matrix donorQ[`j', `d'] = r(r`j')
  7.     }
  8. }
(400 observations deleted)
(400 observations deleted)
(400 observations deleted)
(400 observations deleted)
(400 observations deleted)

. 
. *****************************************************************************
> ***
. * Turn that matrix into a new dataset of 100 rows
. *****************************************************************************
> ***
. clear

. set obs 100
Number of observations (_N) was 0, now 100.

. gen tau = (_n - 1)/(100 - 1)   // in [0,1]

. 
. svmat donorQ, name(Q_)

. rename Q_1 Q1

. rename Q_2 Q2

. rename Q_3 Q3

. rename Q_4 Q4

. rename Q_5 Qtarget

. 
. *****************************************************************************
> ***
. * Plot them on a single graph
. *****************************************************************************
> ***
. twoway ///
>     (line Q1 tau,      lcolor(gs6)   lpattern(solid)   lwidth(medium)) ///
>     (line Q2 tau,      lcolor(gs6)   lpattern(dash)    lwidth(medium)) ///
>     (line Q3 tau,      lcolor(gs11)  lpattern(solid)   lwidth(medium)) ///
>     (line Q4 tau,      lcolor(gs11)  lpattern(dash)    lwidth(medium)) ///
>     (line Qtarget tau, lcolor(black) lpattern(solid)   lwidth(thick)), ///
>     legend(order(1 "Donor #1" 2 "Donor #2" 3 "Donor #3" 4 "Donor #4" ///
>            5 "Target") ///
>            ring(0) pos(5) cols(1)) ///
>     xlabel(0(.2)1, grid labsize(large)) ///
>     ylabel(1(1)4, angle(horiz) grid labsize(large)) ///
>     xtitle("Quantile", size(large)) ytitle("Y", size(large)) ///
>     scheme(sj) name(donors_qf, replace)

. 
. graph export "mixture_raw_quantiles.pdf", replace
file mixture_raw_quantiles.pdf saved as PDF format

. 
. log close
      name:  <unnamed>
       log:  /Users/davidvandijcke/University of Michigan Dropbox/David Van Dij
> cke/Flo_GSRA/sj_replication_submission_july2026/examples/cdf_simulations.log
  log type:  text
 closed on:  11 Jul 2026, 16:13:27
-------------------------------------------------------------------------------
