-------------------------------------------------------------------------------
      name:  <unnamed>
       log:  /Users/davidvandijcke/University of Michigan Dropbox/David Van Dij
> cke/Flo_GSRA/sj_replication_submission_16jan2024/results/rto_replication.log
  log type:  text
 opened on:  26 Jun 2026, 13:59:20

. 
. //**************************
. // Load data and anonymize
. //**************************
. 
. local process_data = 0

. 
. if `process_data' {
.         // Tenure
. 
.         clear all
.         gzimport delimited using "${dataIn}/tenure_stata.csv.gz", clear
. 
. 
.         // Define the range for uniform noise
.         quietly: summarize y_col
.         gen noise = runiform() * 0.1 * r(mean) - 0.05 * r(mean) // Noise in [
> -5%, +5%] of mean
. 
.         // Add noise to y_col
.         gen y_col_anonymized = y_col + noise
. 
.         // Ensure the minimum remains at least 30 (approximately one month)
.         replace y_col_anonymized = max(y_col_anonymized, 30)
. 
.         // Summary statistics to check the effect
.         summarize y_col y_col_anonymized
. 
.         replace y_col = y_col_anonymized
. 
.         keep id_col company_name y_col time_col
.         
.         
.         * First, create a percentile rank within each id-time group
.         bysort id_col time_col: egen pctile_rank = pctile(y_col), p(90)
. 
.         * Keep only observations that are below or equal to the 90th percenti
> le
.         keep if y_col <= pctile_rank
. 
.         * Clean up
.         drop pctile_rank
.         
.         set seed 12345    // Optional: set seed for reproducibility
.         gen random = runiform()
.         sort random
.         drop random
. 
.         // Save the anonymized dataset as a Stata file
.         save "${dataOut}/tenure_anonymized.dta", replace
. 
. 
.         // Title
.         clear all
.         gzimport delimited using "${dataIn}/titles_stata.csv.gz", clear
. 
.         // Generate noise with position-specific probabilities
.         gen noise = 0
.         // Reduced noise (5% chance each way) for lowest and highest position
> s
.         replace noise = -1 if runiform() < 0.05 & (y_col == 1 | y_col == 10)
.         replace noise = 1 if runiform() < 0.05 & noise == 0 & (y_col == 1 | y
> _col == 10)
. 
.         // Moderate noise (15% chance each way) for middle positions
.         replace noise = -1 if runiform() < 0.1 & y_col > 1 & y_col < 10 & noi
> se == 0
.         replace noise = 1 if runiform() < 0.1 & y_col > 1 & y_col < 10 & nois
> e == 0
. 
.         // Apply noise and enforce bounds
.         gen y_col_anonymized = y_col + noise
.         replace y_col_anonymized = 1 if y_col_anonymized < 1
.         replace y_col_anonymized = 10 if y_col_anonymized > 10
. 
. 
.         // Check the effect
.         tabulate y_col y_col_anonymized
. 
.         // Update and keep relevant columns
.         replace y_col = y_col_anonymized
.         keep id_col company_name y_col time_col
. 
. 
.         // Save the anonymized dataset as a Stata file
.         save "${dataOut}/titles_anonymized.dta", replace
. 
. }

. 
. 
. 
. //**************************
. // Reproduce tenure results
. //**************************
. 
. // disco <- DiSCo(grouped, id_col.target = id_col.target, t0 = t0, q_max=0.9,
>  G = G, M=M, num.cores=20,
. //                cl=0.95,uniform=TRUE, permutation = TRUE, CI = TRUE, boots 
> = 1000, simplex=TRUE, seed=30, qtype=7,
. //                qmethod=NULL) # seed 5
. 
. 
. 
. // capture sjlog close
. // sjlog using "tenure_analysis", replace 
. 
. // load and inspect data
. use "tenure_anonymized.dta", clear 

. list in 1/5, ab(20) 

     +--------------------------------------------+
     | time_col   id_col   company_name     y_col |
     |--------------------------------------------|
  1. |        2       17         oracle   1682.25 |
  2. |        3        1       deloitte   375.783 |
  3. |        2       72             3m   5276.48 |
  4. |        3        2      microsoft    957.55 |
  5. |        2        2      microsoft   2745.96 |
     +--------------------------------------------+

. 
. 
. // run disco commands
. disco y_col id_col time_col, idtarget(2) t0(3) agg("quantileDiff") ///
>         seed(12143) g(10) m(100) ci boots(300) 

. disco_weight id_col company_name, n(5)

Top 5 weights:
--------------------------------------------------

  +----------------------------+
  |              name | weight |
  |-------------------+--------|
  |            amazon |  .2203 |
  |          autodesk |  .1271 |
  |             cisco |  .1066 |
  | dell technologies |  .0991 |
  | slalom consulting |  .0962 |
  +----------------------------+

. disco_estat summary

Summary of quantile effects
------------------------------------------------------------------------
   Period  Range              Effect   Std. Err.   [95% Conf. Interval]
------------------------------------------------------------------------
        3  0.00-0.25          -6.659      25.894     -57.411     44.092
        3  0.25-0.50         -21.443      25.894     -72.194     29.308
        3  0.50-0.75         -50.509      25.894    -101.261      0.242
        3  0.75-1.00         -54.751      25.894    -105.502     -4.000*
------------------------------------------------------------------------
* denotes significance at the 95% confidence level

. disco_plot, title(" ") ytitle("Difference in Tenure (Days)") hline(0) color1(
> black) cicolor(gs12) scheme(sj)

. graph export "${figs}/tenure_quantileDiff.pdf", replace
file /Users/davidvandijcke/University of Michigan Dropbox/David Van
    Dijcke/Flo_GSRA/sj_replication_submission_16jan2024/results/figs/tenure_q
    > uantileDiff.pdf saved as PDF format

. 
. // plot quantile functions separately
. disco_plot, title(" ") ytitle("Tenure (Days)") agg("quantile") /// 
>         yrange(0 3000) color1(black) color2(black) scheme(sj)

. graph export "${figs}/tenure_quantile.pdf", replace
file /Users/davidvandijcke/University of Michigan Dropbox/David Van
    Dijcke/Flo_GSRA/sj_replication_submission_16jan2024/results/figs/tenure_q
    > uantile.pdf saved as PDF format

. 
. 
. // capture sjlog close
. 
. 
. 
. 
. 
. //**************************
. // Reproduce title results
. //**************************
. 
. cd "$dataOut"
/Users/davidvandijcke/University of Michigan Dropbox/David Van Dijcke/Flo_GSRA/
> sj_replication_submission_16jan2024/data/out

. 
. // sjlog using "titles_analysis.log", replace 
. 
. use "titles_anonymized.dta", clear 

. list in 1/5, ab(20) 

     +------------------------------------------+
     | time_col   id_col   company_name   y_col |
     |------------------------------------------|
  1. |        3       17         oracle       8 |
  2. |        2        1       deloitte       5 |
  3. |        3        1       deloitte       5 |
  4. |        1        1       deloitte       5 |
  5. |        2      245         splunk       4 |
     +------------------------------------------+

. 
. // main disco command
. disco y_col id_col time_col, idtarget(2) t0(3) agg("cdfDiff") seed(12143) ///
>  
>         mixture g(10) m(10) ci boots(300)

.          
. // plot top 5 weights
. disco_weight id_col company_name, n(5)

Top 5 weights:
--------------------------------------------------

  +----------------------------+
  |              name | weight |
  |-------------------+--------|
  |         protiviti |  .3016 |
  |            intuit |   .234 |
  | dell technologies |  .1436 |
  |          linkedin |  .1149 |
  |            citrix |  .0602 |
  +----------------------------+

. 
. // plot summary table
. disco_estat summary

Summary of CDF effects
------------------------------------------------------------------------
   Period  Range              Effect   Std. Err.   [95% Conf. Interval]
------------------------------------------------------------------------
        3  1.00-3.25           0.009       0.006      -0.003      0.022
        3  3.25-5.50           0.006       0.006      -0.007      0.018
        3  5.50-7.75           0.005       0.006      -0.007      0.017
        3  7.75-10.00         -0.000       0.006      -0.012      0.012
------------------------------------------------------------------------
* denotes significance at the 95% confidence level

. 
. // plot CDF effects
. disco_plot, title(" ") ytitle("Change in CDF") hline(0) categorical /// 
>         color1(gs10) cicolor(gs4) scheme(sj)

. graph export "${figs}/title_cdfDiff.pdf", replace
file /Users/davidvandijcke/University of Michigan Dropbox/David Van
    Dijcke/Flo_GSRA/sj_replication_submission_16jan2024/results/figs/title_cd
    > fDiff.pdf saved as PDF format

. 
. // plot synthetic vs. treated CDF
. disco_plot, title(" ") ytitle("CDF") agg("cdf") color1(black) color2(black) s
> cheme(sj)

. 
. graph export "${figs}/title_cdf.pdf", replace
file /Users/davidvandijcke/University of Michigan Dropbox/David Van
    Dijcke/Flo_GSRA/sj_replication_submission_16jan2024/results/figs/title_cd
    > f.pdf saved as PDF format

. 
. // capture sjlog close, replace
. capture log close
